<?xml version="1.0" encoding="UTF-8"?>
<testsuite xmlns:xsi="http://www.w3.org/2001/XMLSchema-instance" xsi:noNamespaceSchemaLocation="https://maven.apache.org/surefire/maven-surefire-plugin/xsd/surefire-test-report-3.0.xsd" version="3.0" name="com.testRunner.TestRunner" time="0.86" tests="3" errors="3" skipped="0" failures="0">
  <properties>
[...]
</properties>
  <testcase name="Successful Login with valid credentials" classname="Login" time="0.067">
    <error message="Failed to instantiate class com.stepDefination.LoginSteps" type="cucumber.runtime.CucumberException"><![CDATA[cucumber.runtime.CucumberException: Failed to instantiate class com.stepDefination.LoginSteps
	at cucumber.runtime.java.DefaultJavaObjectFactory.cacheNewInstance(DefaultJavaObjectFactory.java:47)
	at cucumber.runtime.java.DefaultJavaObjectFactory.getInstance(DefaultJavaObjectFactory.java:33)
	at cucumber.runtime.java.JavaStepDefinition.execute(JavaStepDefinition.java:57)
	at cucumber.runner.PickleStepDefinitionMatch.runStep(PickleStepDefinitionMatch.java:50)
	at cucumber.runner.TestStep.executeStep(TestStep.java:65)
	at cucumber.runner.TestStep.run(TestStep.java:50)
	at cucumber.runner.PickleStepTestStep.run(PickleStepTestStep.java:43)
	at cucumber.runner.TestCase.run(TestCase.java:46)
	at cucumber.runner.Runner.runPickle(Runner.java:50)
	at cucumber.runtime.junit.PickleRunners$NoStepDescriptions.run(PickleRunners.java:146)
	at cucumber.runtime.junit.FeatureRunner.runChild(FeatureRunner.java:68)
	at cucumber.runtime.junit.FeatureRunner.runChild(FeatureRunner.java:23)
	at org.junit.runners.ParentRunner$4.run(ParentRunner.java:331)
	at org.junit.runners.ParentRunner$1.schedule(ParentRunner.java:79)
	at org.junit.runners.ParentRunner.runChildren(ParentRunner.java:329)
	at org.junit.runners.ParentRunner.access$100(ParentRunner.java:66)
	at org.junit.runners.ParentRunner$2.evaluate(ParentRunner.java:293)
	at org.junit.runners.ParentRunner$3.evaluate(ParentRunner.java:306)
	at org.junit.runners.ParentRunner.run(ParentRunner.java:413)
	at cucumber.runtime.junit.FeatureRunner.run(FeatureRunner.java:73)
	at cucumber.api.junit.Cucumber.runChild(Cucumber.java:126)
	at cucumber.api.junit.Cucumber.runChild(Cucumber.java:66)
	at org.junit.runners.ParentRunner$4.run(ParentRunner.java:331)
	at org.junit.runners.ParentRunner$1.schedule(ParentRunner.java:79)
	at org.junit.runners.ParentRunner.runChildren(ParentRunner.java:329)
	at org.junit.runners.ParentRunner.access$100(ParentRunner.java:66)
	at org.junit.runners.ParentRunner$2.evaluate(ParentRunner.java:293)
	at cucumber.api.junit.Cucumber$RunCucumber.evaluate(Cucumber.java:156)
	at org.junit.runners.ParentRunner$3.evaluate(ParentRunner.java:306)
	at org.junit.runners.ParentRunner.run(ParentRunner.java:413)
	at org.apache.maven.surefire.junit4.JUnit4Provider.execute(JUnit4Provider.java:316)
	at org.apache.maven.surefire.junit4.JUnit4Provider.executeWithRerun(JUnit4Provider.java:240)
	at org.apache.maven.surefire.junit4.JUnit4Provider.executeTestSet(JUnit4Provider.java:214)
	at org.apache.maven.surefire.junit4.JUnit4Provider.invoke(JUnit4Provider.java:155)
	at org.apache.maven.surefire.booter.ForkedBooter.runSuitesInProcess(ForkedBooter.java:385)
	at org.apache.maven.surefire.booter.ForkedBooter.execute(ForkedBooter.java:162)
	at org.apache.maven.surefire.booter.ForkedBooter.run(ForkedBooter.java:507)
	at org.apache.maven.surefire.booter.ForkedBooter.main(ForkedBooter.java:495)
Caused by: java.lang.reflect.InvocationTargetException
	at sun.reflect.NativeConstructorAccessorImpl.newInstance0(Native Method)
	at sun.reflect.NativeConstructorAccessorImpl.newInstance(NativeConstructorAccessorImpl.java:62)
	at sun.reflect.DelegatingConstructorAccessorImpl.newInstance(DelegatingConstructorAccessorImpl.java:45)
	at java.lang.reflect.Constructor.newInstance(Constructor.java:423)
	at cucumber.runtime.java.DefaultJavaObjectFactory.cacheNewInstance(DefaultJavaObjectFactory.java:41)
	... 37 more
Caused by: java.lang.NullPointerException
	at com.pageObject.LoginPage.<init>(LoginPage.java:21)
	at com.stepDefination.LoginSteps.<init>(LoginSteps.java:17)
	... 42 more
]]></error>
    <system-out><![CDATA[Feature: Login

  Scenario: Successful Login with valid credentials                        # Features/Login.feature:4
    Given User Lounch chrome browser                                       # LoginSteps.user_Lounch_chrome_browser()
      cucumber.runtime.CucumberException: Failed to instantiate class com.stepDefination.LoginSteps
	at cucumber.runtime.java.DefaultJavaObjectFactory.cacheNewInstance(DefaultJavaObjectFactory.java:47)
	at cucumber.runtime.java.DefaultJavaObjectFactory.getInstance(DefaultJavaObjectFactory.java:33)
	at cucumber.runtime.java.JavaStepDefinition.execute(JavaStepDefinition.java:57)
	at cucumber.runner.PickleStepDefinitionMatch.runStep(PickleStepDefinitionMatch.java:50)
	at cucumber.runner.TestStep.executeStep(TestStep.java:65)
	at cucumber.runner.TestStep.run(TestStep.java:50)
	at cucumber.runner.PickleStepTestStep.run(PickleStepTestStep.java:43)
	at cucumber.runner.TestCase.run(TestCase.java:46)
	at cucumber.runner.Runner.runPickle(Runner.java:50)
	at cucumber.runtime.junit.PickleRunners$NoStepDescriptions.run(PickleRunners.java:146)
	at cucumber.runtime.junit.FeatureRunner.runChild(FeatureRunner.java:68)
	at cucumber.runtime.junit.FeatureRunner.runChild(FeatureRunner.java:23)
	at org.junit.runners.ParentRunner$4.run(ParentRunner.java:331)
	at org.junit.runners.ParentRunner$1.schedule(ParentRunner.java:79)
	at org.junit.runners.ParentRunner.runChildren(ParentRunner.java:329)
	at org.junit.runners.ParentRunner.access$100(ParentRunner.java:66)
	at org.junit.runners.ParentRunner$2.evaluate(ParentRunner.java:293)
	at org.junit.runners.ParentRunner$3.evaluate(ParentRunner.java:306)
	at org.junit.runners.ParentRunner.run(ParentRunner.java:413)
	at cucumber.runtime.junit.FeatureRunner.run(FeatureRunner.java:73)
	at cucumber.api.junit.Cucumber.runChild(Cucumber.java:126)
	at cucumber.api.junit.Cucumber.runChild(Cucumber.java:66)
	at org.junit.runners.ParentRunner$4.run(ParentRunner.java:331)
	at org.junit.runners.ParentRunner$1.schedule(ParentRunner.java:79)
	at org.junit.runners.ParentRunner.runChildren(ParentRunner.java:329)
	at org.junit.runners.ParentRunner.access$100(ParentRunner.java:66)
	at org.junit.runners.ParentRunner$2.evaluate(ParentRunner.java:293)
	at cucumber.api.junit.Cucumber$RunCucumber.evaluate(Cucumber.java:156)
	at org.junit.runners.ParentRunner$3.evaluate(ParentRunner.java:306)
	at org.junit.runners.ParentRunner.run(ParentRunner.java:413)
	at org.apache.maven.surefire.junit4.JUnit4Provider.execute(JUnit4Provider.java:316)
	at org.apache.maven.surefire.junit4.JUnit4Provider.executeWithRerun(JUnit4Provider.java:240)
	at org.apache.maven.surefire.junit4.JUnit4Provider.executeTestSet(JUnit4Provider.java:214)
	at org.apache.maven.surefire.junit4.JUnit4Provider.invoke(JUnit4Provider.java:155)
	at org.apache.maven.surefire.booter.ForkedBooter.runSuitesInProcess(ForkedBooter.java:385)
	at org.apache.maven.surefire.booter.ForkedBooter.execute(ForkedBooter.java:162)
	at org.apache.maven.surefire.booter.ForkedBooter.run(ForkedBooter.java:507)
	at org.apache.maven.surefire.booter.ForkedBooter.main(ForkedBooter.java:495)
Caused by: java.lang.reflect.InvocationTargetException
	at sun.reflect.NativeConstructorAccessorImpl.newInstance0(Native Method)
	at sun.reflect.NativeConstructorAccessorImpl.newInstance(NativeConstructorAccessorImpl.java:62)
	at sun.reflect.DelegatingConstructorAccessorImpl.newInstance(DelegatingConstructorAccessorImpl.java:45)
	at java.lang.reflect.Constructor.newInstance(Constructor.java:423)
	at cucumber.runtime.java.DefaultJavaObjectFactory.cacheNewInstance(DefaultJavaObjectFactory.java:41)
	... 37 more
Caused by: java.lang.NullPointerException
	at com.pageObject.LoginPage.<init>(LoginPage.java:21)
	at com.stepDefination.LoginSteps.<init>(LoginSteps.java:17)
	... 42 more

    When User open URL "https://admin-demo.nopcommerce.com/login"          # LoginSteps.user_open_URL(String)
    And User enters Email as "admin@yourstore.com" and Password as "admin" # LoginSteps.user_enters_Email_as_and_Password_as(String,String)
    And Click on Login                                                     # LoginSteps.click_on_Login()
    Then Page Title should be "Dashboard / nopCommerce administration"     # LoginSteps.page_Title_should_be(String)
    When User click on logout link                                         # LoginSteps.user_click_on_logout_link()
    Then Page title should be "Your store. Login"                          # LoginSteps.page_title_should_be(String)
    And close browser                                                      # LoginSteps.close_browser()
]]></system-out>
    <system-err><![CDATA[Jun 17, 2024 2:17:21 PM cucumber.runtime.java.ObjectFactoryLoader loadSingleObjectFactory
WARNING: Use deprecated reflections to load ObjectFactory.
]]></system-err>
  </testcase>
  <testcase name="Login Data driven" classname="Login" time="0.032">
    <error message="Failed to instantiate class com.stepDefination.LoginSteps" type="cucumber.runtime.CucumberException"><![CDATA[cucumber.runtime.CucumberException: Failed to instantiate class com.stepDefination.LoginSteps
	at cucumber.runtime.java.DefaultJavaObjectFactory.cacheNewInstance(DefaultJavaObjectFactory.java:47)
	at cucumber.runtime.java.DefaultJavaObjectFactory.getInstance(DefaultJavaObjectFactory.java:33)
	at cucumber.runtime.java.JavaStepDefinition.execute(JavaStepDefinition.java:57)
	at cucumber.runner.PickleStepDefinitionMatch.runStep(PickleStepDefinitionMatch.java:50)
	at cucumber.runner.TestStep.executeStep(TestStep.java:65)
	at cucumber.runner.TestStep.run(TestStep.java:50)
	at cucumber.runner.PickleStepTestStep.run(PickleStepTestStep.java:43)
	at cucumber.runner.TestCase.run(TestCase.java:46)
	at cucumber.runner.Runner.runPickle(Runner.java:50)
	at cucumber.runtime.junit.PickleRunners$NoStepDescriptions.run(PickleRunners.java:146)
	at cucumber.runtime.junit.FeatureRunner.runChild(FeatureRunner.java:68)
	at cucumber.runtime.junit.FeatureRunner.runChild(FeatureRunner.java:23)
	at org.junit.runners.ParentRunner$4.run(ParentRunner.java:331)
	at org.junit.runners.ParentRunner$1.schedule(ParentRunner.java:79)
	at org.junit.runners.ParentRunner.runChildren(ParentRunner.java:329)
	at org.junit.runners.ParentRunner.access$100(ParentRunner.java:66)
	at org.junit.runners.ParentRunner$2.evaluate(ParentRunner.java:293)
	at org.junit.runners.ParentRunner$3.evaluate(ParentRunner.java:306)
	at org.junit.runners.ParentRunner.run(ParentRunner.java:413)
	at cucumber.runtime.junit.FeatureRunner.run(FeatureRunner.java:73)
	at cucumber.api.junit.Cucumber.runChild(Cucumber.java:126)
	at cucumber.api.junit.Cucumber.runChild(Cucumber.java:66)
	at org.junit.runners.ParentRunner$4.run(ParentRunner.java:331)
	at org.junit.runners.ParentRunner$1.schedule(ParentRunner.java:79)
	at org.junit.runners.ParentRunner.runChildren(ParentRunner.java:329)
	at org.junit.runners.ParentRunner.access$100(ParentRunner.java:66)
	at org.junit.runners.ParentRunner$2.evaluate(ParentRunner.java:293)
	at cucumber.api.junit.Cucumber$RunCucumber.evaluate(Cucumber.java:156)
	at org.junit.runners.ParentRunner$3.evaluate(ParentRunner.java:306)
	at org.junit.runners.ParentRunner.run(ParentRunner.java:413)
	at org.apache.maven.surefire.junit4.JUnit4Provider.execute(JUnit4Provider.java:316)
	at org.apache.maven.surefire.junit4.JUnit4Provider.executeWithRerun(JUnit4Provider.java:240)
	at org.apache.maven.surefire.junit4.JUnit4Provider.executeTestSet(JUnit4Provider.java:214)
	at org.apache.maven.surefire.junit4.JUnit4Provider.invoke(JUnit4Provider.java:155)
	at org.apache.maven.surefire.booter.ForkedBooter.runSuitesInProcess(ForkedBooter.java:385)
	at org.apache.maven.surefire.booter.ForkedBooter.execute(ForkedBooter.java:162)
	at org.apache.maven.surefire.booter.ForkedBooter.run(ForkedBooter.java:507)
	at org.apache.maven.surefire.booter.ForkedBooter.main(ForkedBooter.java:495)
Caused by: java.lang.reflect.InvocationTargetException
	at sun.reflect.NativeConstructorAccessorImpl.newInstance0(Native Method)
	at sun.reflect.NativeConstructorAccessorImpl.newInstance(NativeConstructorAccessorImpl.java:62)
	at sun.reflect.DelegatingConstructorAccessorImpl.newInstance(DelegatingConstructorAccessorImpl.java:45)
	at java.lang.reflect.Constructor.newInstance(Constructor.java:423)
	at cucumber.runtime.java.DefaultJavaObjectFactory.cacheNewInstance(DefaultJavaObjectFactory.java:41)
	... 37 more
Caused by: java.lang.NullPointerException
	at com.pageObject.LoginPage.<init>(LoginPage.java:21)
	at com.stepDefination.LoginSteps.<init>(LoginSteps.java:17)
	... 42 more
]]></error>
    <system-out><![CDATA[
  Scenario Outline: Login Data driven # Features/Login.feature:16
    Given User Lounch chrome browser
    When User open URL "https://admin-demo.nopcommerce.com/login"
    And User enters Email as "<email>" and Password as "<password>"
    And Click on Login
    Then Page Title should be "Dashboard / nopCommerce administration"
    When User click on logout link
    Then Page title should be "Your store. Login"
    And close browser

    Examples: 

  Scenario Outline: Login Data driven                                      # Features/Login.feature:28
    Given User Lounch chrome browser                                       # LoginSteps.user_Lounch_chrome_browser()
      cucumber.runtime.CucumberException: Failed to instantiate class com.stepDefination.LoginSteps
	at cucumber.runtime.java.DefaultJavaObjectFactory.cacheNewInstance(DefaultJavaObjectFactory.java:47)
	at cucumber.runtime.java.DefaultJavaObjectFactory.getInstance(DefaultJavaObjectFactory.java:33)
	at cucumber.runtime.java.JavaStepDefinition.execute(JavaStepDefinition.java:57)
	at cucumber.runner.PickleStepDefinitionMatch.runStep(PickleStepDefinitionMatch.java:50)
	at cucumber.runner.TestStep.executeStep(TestStep.java:65)
	at cucumber.runner.TestStep.run(TestStep.java:50)
	at cucumber.runner.PickleStepTestStep.run(PickleStepTestStep.java:43)
	at cucumber.runner.TestCase.run(TestCase.java:46)
	at cucumber.runner.Runner.runPickle(Runner.java:50)
	at cucumber.runtime.junit.PickleRunners$NoStepDescriptions.run(PickleRunners.java:146)
	at cucumber.runtime.junit.FeatureRunner.runChild(FeatureRunner.java:68)
	at cucumber.runtime.junit.FeatureRunner.runChild(FeatureRunner.java:23)
	at org.junit.runners.ParentRunner$4.run(ParentRunner.java:331)
	at org.junit.runners.ParentRunner$1.schedule(ParentRunner.java:79)
	at org.junit.runners.ParentRunner.runChildren(ParentRunner.java:329)
	at org.junit.runners.ParentRunner.access$100(ParentRunner.java:66)
	at org.junit.runners.ParentRunner$2.evaluate(ParentRunner.java:293)
	at org.junit.runners.ParentRunner$3.evaluate(ParentRunner.java:306)
	at org.junit.runners.ParentRunner.run(ParentRunner.java:413)
	at cucumber.runtime.junit.FeatureRunner.run(FeatureRunner.java:73)
	at cucumber.api.junit.Cucumber.runChild(Cucumber.java:126)
	at cucumber.api.junit.Cucumber.runChild(Cucumber.java:66)
	at org.junit.runners.ParentRunner$4.run(ParentRunner.java:331)
	at org.junit.runners.ParentRunner$1.schedule(ParentRunner.java:79)
	at org.junit.runners.ParentRunner.runChildren(ParentRunner.java:329)
	at org.junit.runners.ParentRunner.access$100(ParentRunner.java:66)
	at org.junit.runners.ParentRunner$2.evaluate(ParentRunner.java:293)
	at cucumber.api.junit.Cucumber$RunCucumber.evaluate(Cucumber.java:156)
	at org.junit.runners.ParentRunner$3.evaluate(ParentRunner.java:306)
	at org.junit.runners.ParentRunner.run(ParentRunner.java:413)
	at org.apache.maven.surefire.junit4.JUnit4Provider.execute(JUnit4Provider.java:316)
	at org.apache.maven.surefire.junit4.JUnit4Provider.executeWithRerun(JUnit4Provider.java:240)
	at org.apache.maven.surefire.junit4.JUnit4Provider.executeTestSet(JUnit4Provider.java:214)
	at org.apache.maven.surefire.junit4.JUnit4Provider.invoke(JUnit4Provider.java:155)
	at org.apache.maven.surefire.booter.ForkedBooter.runSuitesInProcess(ForkedBooter.java:385)
	at org.apache.maven.surefire.booter.ForkedBooter.execute(ForkedBooter.java:162)
	at org.apache.maven.surefire.booter.ForkedBooter.run(ForkedBooter.java:507)
	at org.apache.maven.surefire.booter.ForkedBooter.main(ForkedBooter.java:495)
Caused by: java.lang.reflect.InvocationTargetException
	at sun.reflect.NativeConstructorAccessorImpl.newInstance0(Native Method)
	at sun.reflect.NativeConstructorAccessorImpl.newInstance(NativeConstructorAccessorImpl.java:62)
	at sun.reflect.DelegatingConstructorAccessorImpl.newInstance(DelegatingConstructorAccessorImpl.java:45)
	at java.lang.reflect.Constructor.newInstance(Constructor.java:423)
	at cucumber.runtime.java.DefaultJavaObjectFactory.cacheNewInstance(DefaultJavaObjectFactory.java:41)
	... 37 more
Caused by: java.lang.NullPointerException
	at com.pageObject.LoginPage.<init>(LoginPage.java:21)
	at com.stepDefination.LoginSteps.<init>(LoginSteps.java:17)
	... 42 more

    When User open URL "https://admin-demo.nopcommerce.com/login"          # LoginSteps.user_open_URL(String)
    And User enters Email as "admin@yourstore.com" and Password as "admin" # LoginSteps.user_enters_Email_as_and_Password_as(String,String)
    And Click on Login                                                     # LoginSteps.click_on_Login()
    Then Page Title should be "Dashboard / nopCommerce administration"     # LoginSteps.page_Title_should_be(String)
    When User click on logout link                                         # LoginSteps.user_click_on_logout_link()
    Then Page title should be "Your store. Login"                          # LoginSteps.page_title_should_be(String)
    And close browser                                                      # LoginSteps.close_browser()
]]></system-out>
  </testcase>
  <testcase name="Login Data driven" classname="Login" time="0.027">
    <error message="Failed to instantiate class com.stepDefination.LoginSteps" type="cucumber.runtime.CucumberException"><![CDATA[cucumber.runtime.CucumberException: Failed to instantiate class com.stepDefination.LoginSteps
	at cucumber.runtime.java.DefaultJavaObjectFactory.cacheNewInstance(DefaultJavaObjectFactory.java:47)
	at cucumber.runtime.java.DefaultJavaObjectFactory.getInstance(DefaultJavaObjectFactory.java:33)
	at cucumber.runtime.java.JavaStepDefinition.execute(JavaStepDefinition.java:57)
	at cucumber.runner.PickleStepDefinitionMatch.runStep(PickleStepDefinitionMatch.java:50)
	at cucumber.runner.TestStep.executeStep(TestStep.java:65)
	at cucumber.runner.TestStep.run(TestStep.java:50)
	at cucumber.runner.PickleStepTestStep.run(PickleStepTestStep.java:43)
	at cucumber.runner.TestCase.run(TestCase.java:46)
	at cucumber.runner.Runner.runPickle(Runner.java:50)
	at cucumber.runtime.junit.PickleRunners$NoStepDescriptions.run(PickleRunners.java:146)
	at cucumber.runtime.junit.FeatureRunner.runChild(FeatureRunner.java:68)
	at cucumber.runtime.junit.FeatureRunner.runChild(FeatureRunner.java:23)
	at org.junit.runners.ParentRunner$4.run(ParentRunner.java:331)
	at org.junit.runners.ParentRunner$1.schedule(ParentRunner.java:79)
	at org.junit.runners.ParentRunner.runChildren(ParentRunner.java:329)
	at org.junit.runners.ParentRunner.access$100(ParentRunner.java:66)
	at org.junit.runners.ParentRunner$2.evaluate(ParentRunner.java:293)
	at org.junit.runners.ParentRunner$3.evaluate(ParentRunner.java:306)
	at org.junit.runners.ParentRunner.run(ParentRunner.java:413)
	at cucumber.runtime.junit.FeatureRunner.run(FeatureRunner.java:73)
	at cucumber.api.junit.Cucumber.runChild(Cucumber.java:126)
	at cucumber.api.junit.Cucumber.runChild(Cucumber.java:66)
	at org.junit.runners.ParentRunner$4.run(ParentRunner.java:331)
	at org.junit.runners.ParentRunner$1.schedule(ParentRunner.java:79)
	at org.junit.runners.ParentRunner.runChildren(ParentRunner.java:329)
	at org.junit.runners.ParentRunner.access$100(ParentRunner.java:66)
	at org.junit.runners.ParentRunner$2.evaluate(ParentRunner.java:293)
	at cucumber.api.junit.Cucumber$RunCucumber.evaluate(Cucumber.java:156)
	at org.junit.runners.ParentRunner$3.evaluate(ParentRunner.java:306)
	at org.junit.runners.ParentRunner.run(ParentRunner.java:413)
	at org.apache.maven.surefire.junit4.JUnit4Provider.execute(JUnit4Provider.java:316)
	at org.apache.maven.surefire.junit4.JUnit4Provider.executeWithRerun(JUnit4Provider.java:240)
	at org.apache.maven.surefire.junit4.JUnit4Provider.executeTestSet(JUnit4Provider.java:214)
	at org.apache.maven.surefire.junit4.JUnit4Provider.invoke(JUnit4Provider.java:155)
	at org.apache.maven.surefire.booter.ForkedBooter.runSuitesInProcess(ForkedBooter.java:385)
	at org.apache.maven.surefire.booter.ForkedBooter.execute(ForkedBooter.java:162)
	at org.apache.maven.surefire.booter.ForkedBooter.run(ForkedBooter.java:507)
	at org.apache.maven.surefire.booter.ForkedBooter.main(ForkedBooter.java:495)
Caused by: java.lang.reflect.InvocationTargetException
	at sun.reflect.NativeConstructorAccessorImpl.newInstance0(Native Method)
	at sun.reflect.NativeConstructorAccessorImpl.newInstance(NativeConstructorAccessorImpl.java:62)
	at sun.reflect.DelegatingConstructorAccessorImpl.newInstance(DelegatingConstructorAccessorImpl.java:45)
	at java.lang.reflect.Constructor.newInstance(Constructor.java:423)
	at cucumber.runtime.java.DefaultJavaObjectFactory.cacheNewInstance(DefaultJavaObjectFactory.java:41)
	... 37 more
Caused by: java.lang.NullPointerException
	at com.pageObject.LoginPage.<init>(LoginPage.java:21)
	at com.stepDefination.LoginSteps.<init>(LoginSteps.java:17)
	... 42 more
]]></error>
    <system-out><![CDATA[
  Scenario Outline: Login Data driven                                         # Features/Login.feature:29
    Given User Lounch chrome browser                                          # LoginSteps.user_Lounch_chrome_browser()
      cucumber.runtime.CucumberException: Failed to instantiate class com.stepDefination.LoginSteps
	at cucumber.runtime.java.DefaultJavaObjectFactory.cacheNewInstance(DefaultJavaObjectFactory.java:47)
	at cucumber.runtime.java.DefaultJavaObjectFactory.getInstance(DefaultJavaObjectFactory.java:33)
	at cucumber.runtime.java.JavaStepDefinition.execute(JavaStepDefinition.java:57)
	at cucumber.runner.PickleStepDefinitionMatch.runStep(PickleStepDefinitionMatch.java:50)
	at cucumber.runner.TestStep.executeStep(TestStep.java:65)
	at cucumber.runner.TestStep.run(TestStep.java:50)
	at cucumber.runner.PickleStepTestStep.run(PickleStepTestStep.java:43)
	at cucumber.runner.TestCase.run(TestCase.java:46)
	at cucumber.runner.Runner.runPickle(Runner.java:50)
	at cucumber.runtime.junit.PickleRunners$NoStepDescriptions.run(PickleRunners.java:146)
	at cucumber.runtime.junit.FeatureRunner.runChild(FeatureRunner.java:68)
	at cucumber.runtime.junit.FeatureRunner.runChild(FeatureRunner.java:23)
	at org.junit.runners.ParentRunner$4.run(ParentRunner.java:331)
	at org.junit.runners.ParentRunner$1.schedule(ParentRunner.java:79)
	at org.junit.runners.ParentRunner.runChildren(ParentRunner.java:329)
	at org.junit.runners.ParentRunner.access$100(ParentRunner.java:66)
	at org.junit.runners.ParentRunner$2.evaluate(ParentRunner.java:293)
	at org.junit.runners.ParentRunner$3.evaluate(ParentRunner.java:306)
	at org.junit.runners.ParentRunner.run(ParentRunner.java:413)
	at cucumber.runtime.junit.FeatureRunner.run(FeatureRunner.java:73)
	at cucumber.api.junit.Cucumber.runChild(Cucumber.java:126)
	at cucumber.api.junit.Cucumber.runChild(Cucumber.java:66)
	at org.junit.runners.ParentRunner$4.run(ParentRunner.java:331)
	at org.junit.runners.ParentRunner$1.schedule(ParentRunner.java:79)
	at org.junit.runners.ParentRunner.runChildren(ParentRunner.java:329)
	at org.junit.runners.ParentRunner.access$100(ParentRunner.java:66)
	at org.junit.runners.ParentRunner$2.evaluate(ParentRunner.java:293)
	at cucumber.api.junit.Cucumber$RunCucumber.evaluate(Cucumber.java:156)
	at org.junit.runners.ParentRunner$3.evaluate(ParentRunner.java:306)
	at org.junit.runners.ParentRunner.run(ParentRunner.java:413)
	at org.apache.maven.surefire.junit4.JUnit4Provider.execute(JUnit4Provider.java:316)
	at org.apache.maven.surefire.junit4.JUnit4Provider.executeWithRerun(JUnit4Provider.java:240)
	at org.apache.maven.surefire.junit4.JUnit4Provider.executeTestSet(JUnit4Provider.java:214)
	at org.apache.maven.surefire.junit4.JUnit4Provider.invoke(JUnit4Provider.java:155)
	at org.apache.maven.surefire.booter.ForkedBooter.runSuitesInProcess(ForkedBooter.java:385)
	at org.apache.maven.surefire.booter.ForkedBooter.execute(ForkedBooter.java:162)
	at org.apache.maven.surefire.booter.ForkedBooter.run(ForkedBooter.java:507)
	at org.apache.maven.surefire.booter.ForkedBooter.main(ForkedBooter.java:495)
Caused by: java.lang.reflect.InvocationTargetException
	at sun.reflect.NativeConstructorAccessorImpl.newInstance0(Native Method)
	at sun.reflect.NativeConstructorAccessorImpl.newInstance(NativeConstructorAccessorImpl.java:62)
	at sun.reflect.DelegatingConstructorAccessorImpl.newInstance(DelegatingConstructorAccessorImpl.java:45)
	at java.lang.reflect.Constructor.newInstance(Constructor.java:423)
	at cucumber.runtime.java.DefaultJavaObjectFactory.cacheNewInstance(DefaultJavaObjectFactory.java:41)
	... 37 more
Caused by: java.lang.NullPointerException
	at com.pageObject.LoginPage.<init>(LoginPage.java:21)
	at com.stepDefination.LoginSteps.<init>(LoginSteps.java:17)
	... 42 more

    When User open URL "https://admin-demo.nopcommerce.com/login"             # LoginSteps.user_open_URL(String)
    And User enters Email as "admin@yourstore.com" and Password as "admin123" # LoginSteps.user_enters_Email_as_and_Password_as(String,String)
    And Click on Login                                                        # LoginSteps.click_on_Login()
    Then Page Title should be "Dashboard / nopCommerce administration"        # LoginSteps.page_Title_should_be(String)
    When User click on logout link                                            # LoginSteps.user_click_on_logout_link()
    Then Page title should be "Your store. Login"                             # LoginSteps.page_title_should_be(String)
    And close browser                                                         # LoginSteps.close_browser()
]]></system-out>
  </testcase>
</testsuite>